<?xml version="1.0" encoding="UTF-8"?>
<!-- Generated by org.testng.reporters.JUnitReportReporter -->
<testsuite hostname="BSC-PG01M1L5" failures="0" tests="1" name="com.deque.ApplicationFullTest" time="20.232" errors="0" timestamp="03 Sep 2020 11:04:49 GMT" skipped="0">
  <testcase classname="com.deque.ApplicationFullTest" name="auditTestPageForAccessibility" time="20.232"/>
</testsuite> <!-- com.deque.ApplicationFullTest -->
