<?xml version="1.0" encoding="UTF-8"?>
<!-- Generated by org.testng.reporters.JUnitReportReporter -->
<testsuite hostname="BSC-PG01M1L5" failures="0" tests="1" name="com.deque.AllegisFullTest" time="188.249" errors="0" timestamp="2020-09-08T11:57:29 IST" skipped="0">
  <testcase classname="com.deque.AllegisFullTest" name="auditHomePageWithOptions" time="188.249"/>
  <system-out/>
</testsuite> <!-- com.deque.AllegisFullTest -->
